============================= test session starts =============================
platform win32 -- Python 3.12.4, pytest-8.4.2, pluggy-1.6.0 -- C:\Python\anaconda3\python.exe
cachedir: test\.pytest_tmp\cache
rootdir: C:\GitLab\safe-repo-scanner
configfile: pytest.ini
testpaths: tests
plugins: cov-7.0.0, anyio-4.10.0
collecting ... collected 39 items

tests/test_detector_dsn.py::test_masks_php_dsn_partially PASSED          [  2%]
tests/test_detector_email.py::test_detect_email_php_key_match PASSED     [  5%]
tests/test_detector_email.py::test_detect_email_env_key_match PASSED     [  7%]
tests/test_detector_email.py::test_detect_email_yaml_key_match PASSED    [ 10%]
tests/test_detector_email.py::test_detect_email_pattern_match PASSED     [ 12%]
tests/test_detector_email.py::test_detect_email_placeholder_domain_low_confidence PASSED [ 15%]
tests/test_detector_email.py::test_detect_email_skip_comment_line PASSED [ 17%]
tests/test_detector_email.py::test_detect_email_smtp_username_category PASSED [ 20%]
tests/test_detector_email.py::test_detect_email_preview_format PASSED    [ 23%]
tests/test_detector_env.py::test_detects_env_and_outputs_preview_only PASSED [ 25%]
tests/test_detector_env.py::test_render_report_uses_japanese_field_labels_for_csv_and_markdown PASSED [ 28%]
tests/test_detector_php.py::test_detects_basic_php_credentials PASSED    [ 30%]
tests/test_detector_php.py::test_masks_only_sensitive_php_smtp_fields PASSED [ 33%]
tests/test_detector_php.py::test_does_not_detect_php_variable_reference_as_secret PASSED [ 35%]
tests/test_detector_php.py::test_does_not_detect_php_array_assignment_as_secret PASSED [ 38%]
tests/test_detector_php.py::test_does_not_detect_php_password_help_text_as_secret PASSED [ 41%]
tests/test_masker.py::test_masker_dry_run_and_apply_keep_source_safe PASSED [ 43%]
tests/test_masker_email.py::test_mask_email_php PASSED                   [ 46%]
tests/test_masker_email.py::test_mask_email_env PASSED                   [ 48%]
tests/test_masker_email.py::test_mask_email_yaml PASSED                  [ 51%]
tests/test_masker_email.py::test_mask_email_placeholder_domain_still_masked PASSED [ 53%]
tests/test_masker_email.py::test_mask_email_skip_comment_line PASSED     [ 56%]
tests/test_masker_email.py::test_mask_email_smtp_username PASSED         [ 58%]
tests/test_masker_email.py::test_mask_email_no_original_value_in_report PASSED [ 61%]
tests/test_repo_finder.py::test_find_enclosing_repository_root_accepts_git_managed_subdirectory PASSED [ 64%]
tests/test_repo_finder.py::test_discover_repositories_supports_git_file_worktree PASSED [ 66%]
tests/test_reporter_export.py::test_step1_export_creates_target_files_csv PASSED [ 69%]
tests/test_reporter_export.py::test_step2_export_columns_match_spec PASSED [ 71%]
tests/test_reporter_export.py::test_step3_dryrun_export_is_markdown PASSED [ 74%]
tests/test_reporter_export.py::test_step4_mask_report_is_valid_json PASSED [ 76%]
tests/test_reporter_export.py::test_export_does_not_contain_original_value PASSED [ 79%]
tests/test_reporter_export.py::test_export_creates_output_dir_if_not_exists PASSED [ 82%]
tests/test_reporter_export.py::test_export_is_utf8_encoded PASSED        [ 84%]
tests/test_reporter_export.py::test_export_empty_results_creates_empty_file PASSED [ 87%]
tests/test_reporter_tree.py::test_tree_shows_only_masked_files PASSED    [ 89%]
tests/test_reporter_tree.py::test_tree_masked_count_per_file PASSED      [ 92%]
tests/test_reporter_tree.py::test_tree_skipped_files_with_reason PASSED  [ 94%]
tests/test_reporter_tree.py::test_tree_deep_nested_path PASSED           [ 97%]
tests/test_reporter_tree.py::test_tree_output_filename PASSED            [100%]

============================== warnings summary ===============================
..\..\Python\anaconda3\Lib\site-packages\_pytest\cacheprovider.py:475
  C:\Python\anaconda3\Lib\site-packages\_pytest\cacheprovider.py:475: PytestCacheWarning: could not create cache path C:\GitLab\safe-repo-scanner\test\.pytest_tmp\cache\v\cache\nodeids: [WinError 5] �A�N�Z�X�����ۂ���܂����B: 'C:\\GitLab\\safe-repo-scanner\\test\\.pytest_tmp\\cache\\v\\cache'
    config.cache.set("cache/nodeids", sorted(self.cached_nodeids))

-- Docs: https://docs.pytest.org/en/stable/how-to/capture-warnings.html
======================== 39 passed, 1 warning in 0.46s ========================
