============================= test session starts =============================
platform win32 -- Python 3.12.4, pytest-8.4.2, pluggy-1.6.0
cachedir: test\.pytest_tmp\cache
rootdir: C:\GitLab\safe-repo-scanner
configfile: pytest.ini
testpaths: tests
plugins: anyio-4.10.0
collected 21 items

tests\test_detector_dsn.py .                                             [  4%]
tests\test_detector_env.py .                                             [  9%]
tests\test_detector_php.py .....                                         [ 33%]
tests\test_masker.py .                                                   [ 38%]
tests\test_reporter_export.py ........                                   [ 76%]
tests\test_reporter_tree.py .....                                        [100%]

============================== warnings summary ===============================
..\..\Python\anaconda3\Lib\site-packages\_pytest\cacheprovider.py:475
  C:\Python\anaconda3\Lib\site-packages\_pytest\cacheprovider.py:475: PytestCacheWarning: could not create cache path C:\GitLab\safe-repo-scanner\test\.pytest_tmp\cache\v\cache\nodeids: [WinError 5] �A�N�Z�X�����ۂ���܂����B: 'C:\\GitLab\\safe-repo-scanner\\test\\.pytest_tmp\\cache\\v\\cache'
    config.cache.set("cache/nodeids", sorted(self.cached_nodeids))

-- Docs: https://docs.pytest.org/en/stable/how-to/capture-warnings.html
======================== 21 passed, 1 warning in 0.26s ========================
